<?xml version="1.0" encoding="UTF-8"?>
<!-- Generated by org.testng.reporters.JUnitReportReporter -->
<testsuite hostname="DESKTOP-D4N01GG" failures="0" tests="3" name="seleniumGrid.HubNode" time="24.076" errors="0" timestamp="2024-07-28T09:57:13 PDT" skipped="0">
  <testcase classname="seleniumGrid.HubNode" name="grid1" time="8.029"/>
  <testcase classname="seleniumGrid.HubNode" name="grid2" time="8.044"/>
  <testcase classname="seleniumGrid.HubNode" name="grid" time="8.003"/>
</testsuite> <!-- seleniumGrid.HubNode -->
