<?xml version="1.0" encoding="UTF-8"?>
<!-- Generated by org.testng.reporters.JUnitReportReporter -->
<testsuite hostname="DESKTOP-D4N01GG" failures="0" tests="3" name="projectTest.Data" time="26.210" errors="0" timestamp="2024-07-17T23:46:35 PDT" skipped="0">
  <testcase classname="projectTest.Data" name="details" time="6.232"/>
  <testcase classname="projectTest.Data" name="details" time="8.820"/>
  <testcase classname="projectTest.Data" name="details" time="11.158"/>
</testsuite> <!-- projectTest.Data -->
