<?xml version="1.0" encoding="UTF-8"?>
<!-- Generated by org.testng.reporters.JUnitReportReporter -->
<testsuite hostname="DESKTOP-D4N01GG" failures="0" tests="1" name="Cliniq" time="9.684" errors="0" timestamp="2024-08-29T18:48:05 PDT" skipped="0">
  <testcase classname="Cliniq" name="cq" time="9.684"/>
</testsuite> <!-- Cliniq -->
