<?xml version="1.0" encoding="UTF-8"?>
<!-- Generated by org.testng.reporters.JUnitReportReporter -->
<testsuite hostname="DESKTOP-D4N01GG" failures="0" tests="1" name="dummy.Collections" time="0.007" errors="0" timestamp="2024-08-01T15:17:37 PDT" skipped="0">
  <testcase classname="dummy.Collections" name="arraylist" time="0.007"/>
</testsuite> <!-- dummy.Collections -->
