<?xml version="1.0" encoding="UTF-8"?>
<!-- Generated by org.testng.reporters.JUnitReportReporter -->
<testsuite hostname="DESKTOP-D4N01GG" failures="0" tests="3" name="sampleReportTest" time="0.611" errors="0" timestamp="2024-09-30T17:31:04 PDT" skipped="0">
  <testcase classname="sampleReportTest" name="createContactTest" time="0.024"/>
  <testcase classname="sampleReportTest" name="createContactTe" time="0.567"/>
  <testcase classname="sampleReportTest" name="createContactTes" time="0.020"/>
</testsuite> <!-- sampleReportTest -->
