<?xml version="1.0" encoding="UTF-8"?>
<!-- Generated by org.testng.reporters.JUnitReportReporter -->
<testsuite hostname="DESKTOP-D4N01GG" failures="0" tests="3" name="Collections.sampleReportTest" time="0.597" errors="0" timestamp="2024-09-30T17:38:28 PDT" skipped="0">
  <testcase classname="Collections.sampleReportTest" name="createContactTes" time="0.020"/>
  <testcase classname="Collections.sampleReportTest" name="createContactTest" time="0.025"/>
  <testcase classname="Collections.sampleReportTest" name="createContactTe" time="0.552"/>
</testsuite> <!-- Collections.sampleReportTest -->
