<?xml version="1.0" encoding="UTF-8"?>
<!-- Generated by org.testng.reporters.JUnitReportReporter -->
<testsuite hostname="DESKTOP-D4N01GG" failures="0" tests="3" name="exceptions.sampleReportTest" time="0.613" errors="0" timestamp="2024-09-30T17:42:09 PDT" skipped="0">
  <testcase classname="exceptions.sampleReportTest" name="createContactTes" time="0.022"/>
  <testcase classname="exceptions.sampleReportTest" name="createContactTest" time="0.027"/>
  <testcase classname="exceptions.sampleReportTest" name="createContactTe" time="0.564"/>
</testsuite> <!-- exceptions.sampleReportTest -->
